<?xml version="1.0" encoding="UTF-8"?>
<!-- Generated by org.testng.reporters.JUnitReportReporter -->
<testsuite hostname="hp" name="testcase.Login" tests="2" failures="0" timestamp="6 Apr 2018 13:45:18 GMT" time="15.929" errors="0">
  <testcase name="loginScreen" time="8.331" classname="testcase.Login"/>
  <testcase name="loginScreen" time="7.598" classname="testcase.Login"/>
</testsuite> <!-- testcase.Login -->
